<?xml version="1.0" encoding="UTF-8"?>
<!-- Generated by org.testng.reporters.JUnitReportReporter -->
<testsuite hostname="LAPTOP-5QPC2R6G" failures="0" tests="1" name="Test.TestRunner" time="384.836" errors="0" timestamp="2021-01-12T21:19:42 IST" skipped="0">
  <testcase classname="Test.TestRunner" name="feature" time="384.836"/>
  <system-out/>
</testsuite> <!-- Test.TestRunner -->
